<?xml version="1.0" encoding="UTF-8"?>
<testng-results skipped="0" failed="0" ignored="0" total="1" passed="1">
  <reporter-output>
  </reporter-output>
  <suite name="Default suite" duration-ms="6751" started-at="2021-08-04T18:27:00 IST" finished-at="2021-08-04T18:27:07 IST">
    <groups>
    </groups>
    <test name="Default test" duration-ms="6751" started-at="2021-08-04T18:27:00 IST" finished-at="2021-08-04T18:27:07 IST">
      <class name="World.Hello">
        <test-method status="PASS" signature="openBrowser()[pri:0, instance:World.Hello@e720b71]" name="openBrowser" is-config="true" duration-ms="2756" started-at="2021-08-04T18:26:57 IST" finished-at="2021-08-04T18:27:00 IST">
          <reporter-output>
          </reporter-output>
        </test-method> <!-- openBrowser -->
        <test-method status="PASS" signature="enterUrl()[pri:0, instance:World.Hello@e720b71]" name="enterUrl" is-config="true" duration-ms="4911" started-at="2021-08-04T18:27:00 IST" finished-at="2021-08-04T18:27:05 IST">
          <reporter-output>
          </reporter-output>
        </test-method> <!-- enterUrl -->
        <test-method status="PASS" signature="loginTest()[pri:0, instance:World.Hello@e720b71]" name="loginTest" duration-ms="1786" started-at="2021-08-04T18:27:05 IST" finished-at="2021-08-04T18:27:07 IST">
          <reporter-output>
          </reporter-output>
        </test-method> <!-- loginTest -->
      </class> <!-- World.Hello -->
    </test> <!-- Default test -->
  </suite> <!-- Default suite -->
</testng-results>
